

















Train:  96%|▉| 455/472 [00:35<00:01, 14.44it/s, acc=32.9496%, loss=1.0985, lr=0.0000, num_correct=1202]
Epoch 1/25: Train Acc 32.9356%, Train Loss 1.0976, Learning Rate 0.0000

156it [00:01, 80.33it/s]
Validation: 17.6471%
Taining set stats
[[594 646  14]
 [614 637   7]
 [579 669  11]]
Classification Report
              precision    recall  f1-score   support
           0       0.33      0.47      0.39      1254
           1       0.33      0.51      0.40      1258
           2       0.34      0.01      0.02      1259
    accuracy                           0.33      3771
   macro avg       0.33      0.33      0.27      3771
weighted avg       0.33      0.33      0.27      3771
Validation set stats
[[219   0   0]
 [204   0   0]
 [818   0   0]]
Classification Report
              precision    recall  f1-score   support
           0       0.18      1.00      0.30       219
           1       0.00      0.00      0.00       204
           2       0.00      0.00      0.00       818
    accuracy                           0.18      1241
   macro avg       0.06      0.33      0.10      1241
weighted avg       0.03      0.18      0.05      1241

















Train:  96%|▉| 451/472 [00:35<00:01, 14.33it/s, acc=34.0355%, loss=1.0733, lr=0.0000, num_correct=1228]
Epoch 2/25: Train Acc 34.0758%, Train Loss 1.0724, Learning Rate 0.0000

156it [00:01, 79.04it/s]
Validation: 17.6471%
Taining set stats
[[687 601   3]
 [662 594   4]
 [656 560   4]]
Classification Report
              precision    recall  f1-score   support
           0       0.34      0.53      0.42      1291
           1       0.34      0.47      0.39      1260
           2       0.36      0.00      0.01      1220
    accuracy                           0.34      3771
   macro avg       0.35      0.34      0.27      3771
weighted avg       0.35      0.34      0.28      3771
Validation set stats
[[219   0   0]
 [204   0   0]
 [818   0   0]]
Classification Report
              precision    recall  f1-score   support
           0       0.18      1.00      0.30       219
           1       0.00      0.00      0.00       204
           2       0.00      0.00      0.00       818
    accuracy                           0.18      1241
   macro avg       0.06      0.33      0.10      1241
weighted avg       0.03      0.18      0.05      1241

















Train: 100%|▉| 471/472 [00:36<00:00, 14.39it/s, acc=33.2803%, loss=1.0745, lr=0.0000, num_correct=1254]

Epoch 3/25: Train Acc 33.2538%, Train Loss 1.0749, Learning Rate 0.0000
145it [00:01, 103.34it/s]
Validation: 17.6471%
Taining set stats
[[695 576   0]
 [706 559   0]
 [676 559   0]]
Classification Report
              precision    recall  f1-score   support
           0       0.33      0.55      0.42      1271
           1       0.33      0.44      0.38      1265
           2       0.00      0.00      0.00      1235
    accuracy                           0.33      3771
   macro avg       0.22      0.33      0.26      3771
weighted avg       0.22      0.33      0.27      3771
Validation set stats
[[219   0   0]
 [204   0   0]
 [818   0   0]]
Classification Report
              precision    recall  f1-score   support
           0       0.18      1.00      0.30       219
           1       0.00      0.00      0.00       204
           2       0.00      0.00      0.00       818
    accuracy                           0.18      1241
   macro avg       0.06      0.33      0.10      1241

156it [00:01, 78.08it/s]

















Train:  99%|▉| 468/472 [00:36<00:00, 14.53it/s, acc=33.2889%, loss=1.0706, lr=0.0000, num_correct=1249]

Epoch 4/25: Train Acc 33.3068%, Train Loss 1.0706, Learning Rate 0.0000
126it [00:01, 101.80it/s]
Validation: 16.4384%
Taining set stats
[[664 604   0]
 [665 592   0]
 [648 598   0]]
Classification Report
              precision    recall  f1-score   support
           0       0.34      0.52      0.41      1268
           1       0.33      0.47      0.39      1257
           2       0.00      0.00      0.00      1246
    accuracy                           0.33      3771
   macro avg       0.22      0.33      0.27      3771
weighted avg       0.22      0.33      0.27      3771
Validation set stats
[[  0 219   0]
 [  0 204   0]
 [  0 818   0]]
Classification Report
              precision    recall  f1-score   support
           0       0.00      0.00      0.00       219
           1       0.16      1.00      0.28       204
           2       0.00      0.00      0.00       818
    accuracy                           0.16      1241
   macro avg       0.05      0.33      0.09      1241

156it [00:01, 79.08it/s]


















Train:  97%|▉| 459/472 [00:35<00:00, 14.41it/s, acc=31.9293%, loss=1.0744, lr=0.0000, num_correct=1175]
Epoch 5/25: Train Acc 31.9809%, Train Loss 1.0748, Learning Rate 0.0000

156it [00:02, 77.54it/s]
Validation: 17.6471%
Taining set stats
[[482 755   0]
 [562 724   0]
 [525 723   0]]
Classification Report
              precision    recall  f1-score   support
           0       0.31      0.39      0.34      1237
           1       0.33      0.56      0.42      1286
           2       0.00      0.00      0.00      1248
    accuracy                           0.32      3771
   macro avg       0.21      0.32      0.25      3771
weighted avg       0.21      0.32      0.25      3771
Validation set stats
[[219   0   0]
 [204   0   0]
 [818   0   0]]
Classification Report
              precision    recall  f1-score   support
           0       0.18      1.00      0.30       219
           1       0.00      0.00      0.00       204
           2       0.00      0.00      0.00       818
    accuracy                           0.18      1241
   macro avg       0.06      0.33      0.10      1241
weighted avg       0.03      0.18      0.05      1241

















Train:  97%|▉| 456/472 [00:35<00:01, 14.53it/s, acc=32.6039%, loss=1.0683, lr=0.0000, num_correct=1192]
Epoch 6/25: Train Acc 32.6704%, Train Loss 1.0674, Learning Rate 0.0000

156it [00:01, 78.11it/s]
Validation: 16.4384%
Taining set stats
[[662 610   0]
 [695 570   0]
 [665 569   0]]
Classification Report
              precision    recall  f1-score   support
           0       0.33      0.52      0.40      1272
           1       0.33      0.45      0.38      1265
           2       0.00      0.00      0.00      1234
    accuracy                           0.33      3771
   macro avg       0.22      0.32      0.26      3771
weighted avg       0.22      0.33      0.26      3771
Validation set stats
[[  0 219   0]
 [  0 204   0]
 [  0 818   0]]
Classification Report
              precision    recall  f1-score   support
           0       0.00      0.00      0.00       219
           1       0.16      1.00      0.28       204
           2       0.00      0.00      0.00       818
    accuracy                           0.16      1241
   macro avg       0.05      0.33      0.09      1241
weighted avg       0.03      0.16      0.05      1241

















Train: 100%|▉| 471/472 [00:36<00:00, 14.32it/s, acc=33.6335%, loss=1.0712, lr=0.0000, num_correct=1270]

Epoch 7/25: Train Acc 33.6781%, Train Loss 1.0712, Learning Rate 0.0000
147it [00:01, 102.32it/s]
Validation: 17.6471%
Taining set stats
[[464 764   0]
 [479 806   0]
 [465 793   0]]
Classification Report
              precision    recall  f1-score   support
           0       0.33      0.38      0.35      1228
           1       0.34      0.63      0.44      1285
           2       0.00      0.00      0.00      1258
    accuracy                           0.34      3771
   macro avg       0.22      0.34      0.26      3771
weighted avg       0.22      0.34      0.27      3771
Validation set stats
[[219   0   0]
 [204   0   0]
 [818   0   0]]
Classification Report
              precision    recall  f1-score   support
           0       0.18      1.00      0.30       219
           1       0.00      0.00      0.00       204
           2       0.00      0.00      0.00       818
    accuracy                           0.18      1241
   macro avg       0.06      0.33      0.10      1241

156it [00:01, 79.34it/s]

















Train: 100%|▉| 471/472 [00:36<00:00, 14.53it/s, acc=33.5275%, loss=1.0693, lr=0.0000, num_correct=1266]

Epoch 8/25: Train Acc 33.5720%, Train Loss 1.0693, Learning Rate 0.0000
146it [00:01, 105.73it/s]
Validation: 17.6471%
Taining set stats
[[814 490   0]
 [744 452   0]
 [774 497   0]]
Classification Report
              precision    recall  f1-score   support
           0       0.35      0.62      0.45      1304
           1       0.31      0.38      0.34      1196
           2       0.00      0.00      0.00      1271
    accuracy                           0.34      3771
   macro avg       0.22      0.33      0.26      3771
weighted avg       0.22      0.34      0.26      3771
Validation set stats
[[219   0   0]
 [204   0   0]
 [818   0   0]]
Classification Report
              precision    recall  f1-score   support
           0       0.18      1.00      0.30       219
           1       0.00      0.00      0.00       204
           2       0.00      0.00      0.00       818
    accuracy                           0.18      1241
   macro avg       0.06      0.33      0.10      1241

156it [00:01, 79.50it/s]

















Train:  98%|▉| 463/472 [00:36<00:00, 14.47it/s, acc=32.4353%, loss=1.0704, lr=0.0000, num_correct=1204]

Epoch 9/25: Train Acc 32.4582%, Train Loss 1.0698, Learning Rate 0.0000
93it [00:00, 106.48it/s]
Validation: 16.4384%
Taining set stats
[[646 617   0]
 [675 578   0]
 [691 564   0]]
Classification Report
              precision    recall  f1-score   support
           0       0.32      0.51      0.39      1263
           1       0.33      0.46      0.38      1253
           2       0.00      0.00      0.00      1255
    accuracy                           0.32      3771
   macro avg       0.22      0.32      0.26      3771
weighted avg       0.22      0.32      0.26      3771
Validation set stats
[[  0 219   0]
 [  0 204   0]
 [  0 818   0]]
Classification Report
              precision    recall  f1-score   support
           0       0.00      0.00      0.00       219
           1       0.16      1.00      0.28       204
           2       0.00      0.00      0.00       818
    accuracy                           0.16      1241
   macro avg       0.05      0.33      0.09      1241

156it [00:01, 80.09it/s]

















Train:  97%|▉| 459/472 [00:35<00:00, 14.43it/s, acc=32.9076%, loss=1.0675, lr=0.0000, num_correct=1211]
Epoch 10/25: Train Acc 32.9356%, Train Loss 1.0676, Learning Rate 0.0000

156it [00:02, 77.95it/s]
Validation: 16.4384%
Taining set stats
[[704 568   0]
 [701 538   0]
 [736 524   0]]
Classification Report
              precision    recall  f1-score   support
           0       0.33      0.55      0.41      1272
           1       0.33      0.43      0.38      1239
           2       0.00      0.00      0.00      1260
    accuracy                           0.33      3771
   macro avg       0.22      0.33      0.26      3771
weighted avg       0.22      0.33      0.26      3771
Validation set stats
[[  0 219   0]
 [  0 204   0]
 [  0 818   0]]
Classification Report
              precision    recall  f1-score   support
           0       0.00      0.00      0.00       219
           1       0.16      1.00      0.28       204
           2       0.00      0.00      0.00       818
    accuracy                           0.16      1241
   macro avg       0.05      0.33      0.09      1241
weighted avg       0.03      0.16      0.05      1241

















Train: 100%|▉| 471/472 [00:36<00:00, 14.50it/s, acc=33.8453%, loss=1.0687, lr=0.0000, num_correct=1278]

Epoch 11/25: Train Acc 33.8902%, Train Loss 1.0687, Learning Rate 0.0000
149it [00:01, 105.86it/s]
Validation: 16.4384%
Taining set stats
[[435 765   0]
 [460 843   0]
 [462 806   0]]
Classification Report
              precision    recall  f1-score   support
           0       0.32      0.36      0.34      1200
           1       0.35      0.65      0.45      1303
           2       0.00      0.00      0.00      1268
    accuracy                           0.34      3771
   macro avg       0.22      0.34      0.26      3771
weighted avg       0.22      0.34      0.27      3771
Validation set stats
[[  0 219   0]
 [  0 204   0]
 [  0 818   0]]
Classification Report
              precision    recall  f1-score   support
           0       0.00      0.00      0.00       219
           1       0.16      1.00      0.28       204
           2       0.00      0.00      0.00       818
    accuracy                           0.16      1241
   macro avg       0.05      0.33      0.09      1241
156it [00:01, 79.56it/s]

















Train: 100%|▉| 471/472 [00:36<00:00, 14.36it/s, acc=34.5869%, loss=1.0676, lr=0.0000, num_correct=1306]

Epoch 12/25: Train Acc 34.6327%, Train Loss 1.0676, Learning Rate 0.0000
153it [00:01, 102.62it/s]
Validation: 17.6471%
Taining set stats
[[770 522   0]
 [685 536   0]
 [761 497   0]]
Classification Report
              precision    recall  f1-score   support
           0       0.35      0.60      0.44      1292
           1       0.34      0.44      0.39      1221
           2       0.00      0.00      0.00      1258
    accuracy                           0.35      3771
   macro avg       0.23      0.34      0.28      3771
weighted avg       0.23      0.35      0.28      3771
Validation set stats
[[219   0   0]
 [204   0   0]
 [818   0   0]]
Classification Report
              precision    recall  f1-score   support
           0       0.18      1.00      0.30       219
           1       0.00      0.00      0.00       204
           2       0.00      0.00      0.00       818
    accuracy                           0.18      1241
   macro avg       0.06      0.33      0.10      1241
156it [00:01, 78.10it/s]

















Train:  97%|▉| 460/472 [00:36<00:00, 14.43it/s, acc=32.6735%, loss=1.0705, lr=0.0000, num_correct=1205]

Epoch 13/25: Train Acc 32.7234%, Train Loss 1.0705, Learning Rate 0.0000
66it [00:00, 100.58it/s]
Validation: 16.4384%
Taining set stats
[[509 718   0]
 [538 725   0]
 [541 740   0]]

156it [00:01, 78.15it/s]
              precision    recall  f1-score   support
           0       0.32      0.41      0.36      1227
           1       0.33      0.57      0.42      1263
           2       0.00      0.00      0.00      1281
    accuracy                           0.33      3771
   macro avg       0.22      0.33      0.26      3771
weighted avg       0.22      0.33      0.26      3771
Validation set stats
[[  0 219   0]
 [  0 204   0]
 [  0 818   0]]
Classification Report
              precision    recall  f1-score   support
           0       0.00      0.00      0.00       219
           1       0.16      1.00      0.28       204
           2       0.00      0.00      0.00       818
    accuracy                           0.16      1241
   macro avg       0.05      0.33      0.09      1241
weighted avg       0.03      0.16      0.05      1241

















Train:  97%|▉| 457/472 [00:35<00:01, 14.42it/s, acc=33.0786%, loss=1.0693, lr=0.0000, num_correct=1212]
Epoch 14/25: Train Acc 32.9886%, Train Loss 1.0706, Learning Rate 0.0000

156it [00:02, 76.18it/s]
Validation: 16.4384%
Taining set stats
[[658 580   0]
 [650 586   0]
 [675 622   0]]
Classification Report
              precision    recall  f1-score   support
           0       0.33      0.53      0.41      1238
           1       0.33      0.47      0.39      1236
           2       0.00      0.00      0.00      1297
    accuracy                           0.33      3771
   macro avg       0.22      0.34      0.27      3771
weighted avg       0.22      0.33      0.26      3771
Validation set stats
[[  0 219   0]
 [  0 204   0]
 [  0 818   0]]
Classification Report
              precision    recall  f1-score   support
           0       0.00      0.00      0.00       219
           1       0.16      1.00      0.28       204
           2       0.00      0.00      0.00       818
    accuracy                           0.16      1241
   macro avg       0.05      0.33      0.09      1241
weighted avg       0.03      0.16      0.05      1241

















Train: 100%|▉| 471/472 [00:36<00:00, 14.41it/s, acc=32.9714%, loss=1.0633, lr=0.0000, num_correct=1245]

Epoch 15/25: Train Acc 33.0151%, Train Loss 1.0633, Learning Rate 0.0000
146it [00:01, 102.42it/s]
Validation: 16.4384%
Taining set stats
[[731 554   0]
 [770 514   0]
 [666 536   0]]
Classification Report
              precision    recall  f1-score   support
           0       0.34      0.57      0.42      1285
           1       0.32      0.40      0.36      1284
           2       0.00      0.00      0.00      1202
    accuracy                           0.33      3771
   macro avg       0.22      0.32      0.26      3771
weighted avg       0.22      0.33      0.27      3771
Validation set stats
[[  0 219   0]
 [  0 204   0]
 [  0 818   0]]
Classification Report
              precision    recall  f1-score   support
           0       0.00      0.00      0.00       219
           1       0.16      1.00      0.28       204
           2       0.00      0.00      0.00       818
    accuracy                           0.16      1241
   macro avg       0.05      0.33      0.09      1241
156it [00:01, 78.93it/s]

















Train: 100%|▉| 471/472 [00:36<00:00, 14.52it/s, acc=33.8718%, loss=1.0633, lr=0.0000, num_correct=1279]

Epoch 16/25: Train Acc 33.9167%, Train Loss 1.0633, Learning Rate 0.0000
149it [00:01, 104.61it/s]
Validation: 16.4384%
Taining set stats
[[538 711   0]
 [544 741   0]
 [559 678   0]]
Classification Report
              precision    recall  f1-score   support
           0       0.33      0.43      0.37      1249
           1       0.35      0.58      0.43      1285
           2       0.00      0.00      0.00      1237
    accuracy                           0.34      3771
   macro avg       0.23      0.34      0.27      3771
weighted avg       0.23      0.34      0.27      3771
Validation set stats
[[  0 219   0]
 [  0 204   0]
 [  0 818   0]]
Classification Report
              precision    recall  f1-score   support
           0       0.00      0.00      0.00       219
           1       0.16      1.00      0.28       204
           2       0.00      0.00      0.00       818
    accuracy                           0.16      1241
   macro avg       0.05      0.33      0.09      1241
156it [00:01, 80.78it/s]

















Train:  98%|▉| 462/472 [00:36<00:00, 14.30it/s, acc=35.0972%, loss=1.0624, lr=0.0000, num_correct=1300]

Epoch 17/25: Train Acc 35.0835%, Train Loss 1.0622, Learning Rate 0.0000
81it [00:00, 105.77it/s]
Validation: 17.6471%
Taining set stats
[[1234  106    0]
 [1102   89    0]
 [1152   88    0]]
Classification Report
              precision    recall  f1-score   support
           0       0.35      0.92      0.51      1340
           1       0.31      0.07      0.12      1191
           2       0.00      0.00      0.00      1240
    accuracy                           0.35      3771
   macro avg       0.22      0.33      0.21      3771
weighted avg       0.23      0.35      0.22      3771
Validation set stats
[[219   0   0]
 [204   0   0]
 [818   0   0]]
Classification Report
              precision    recall  f1-score   support
           0       0.18      1.00      0.30       219
           1       0.00      0.00      0.00       204
           2       0.00      0.00      0.00       818
    accuracy                           0.18      1241
   macro avg       0.06      0.33      0.10      1241

156it [00:01, 79.97it/s]

















Train:  97%|▉| 459/472 [00:35<00:00, 14.27it/s, acc=33.0707%, loss=1.0646, lr=0.0000, num_correct=1217]
Epoch 18/25: Train Acc 33.1212%, Train Loss 1.0642, Learning Rate 0.0000

156it [00:01, 80.05it/s]
Validation: 16.4384%
Taining set stats
[[ 157 1039    0]
 [ 223 1092    0]
 [ 204 1056    0]]
Classification Report
              precision    recall  f1-score   support
           0       0.27      0.13      0.18      1196
           1       0.34      0.83      0.49      1315
           2       0.00      0.00      0.00      1260
    accuracy                           0.33      3771
   macro avg       0.20      0.32      0.22      3771
weighted avg       0.20      0.33      0.23      3771
Validation set stats
[[  0 219   0]
 [  0 204   0]
 [  0 818   0]]
Classification Report
              precision    recall  f1-score   support
           0       0.00      0.00      0.00       219
           1       0.16      1.00      0.28       204
           2       0.00      0.00      0.00       818
    accuracy                           0.16      1241
   macro avg       0.05      0.33      0.09      1241
weighted avg       0.03      0.16      0.05      1241

















Train:  97%|▉| 457/472 [00:35<00:01, 14.29it/s, acc=33.7527%, loss=1.0641, lr=0.0000, num_correct=1234]
Epoch 19/25: Train Acc 33.8372%, Train Loss 1.0645, Learning Rate 0.0000

156it [00:01, 78.34it/s]
Validation: 16.4384%
Taining set stats
[[688 565   0]
 [677 588   0]
 [696 557   0]]
Classification Report
              precision    recall  f1-score   support
           0       0.33      0.55      0.42      1253
           1       0.34      0.46      0.40      1265
           2       0.00      0.00      0.00      1253
    accuracy                           0.34      3771
   macro avg       0.23      0.34      0.27      3771
weighted avg       0.23      0.34      0.27      3771
Validation set stats
[[  0 219   0]
 [  0 204   0]
 [  0 818   0]]
Classification Report
              precision    recall  f1-score   support
           0       0.00      0.00      0.00       219
           1       0.16      1.00      0.28       204
           2       0.00      0.00      0.00       818
    accuracy                           0.16      1241
   macro avg       0.05      0.33      0.09      1241
weighted avg       0.03      0.16      0.05      1241

















Train: 100%|▉| 471/472 [00:36<00:00, 14.32it/s, acc=32.7860%, loss=1.0629, lr=0.0000, num_correct=1238]

Epoch 20/25: Train Acc 32.8295%, Train Loss 1.0629, Learning Rate 0.0000
147it [00:01, 105.94it/s]
Validation: 17.6471%
Taining set stats
[[528 736   0]
 [555 710   0]
 [546 696   0]]
Classification Report
              precision    recall  f1-score   support
           0       0.32      0.42      0.37      1264
           1       0.33      0.56      0.42      1265
           2       0.00      0.00      0.00      1242
    accuracy                           0.33      3771
   macro avg       0.22      0.33      0.26      3771
weighted avg       0.22      0.33      0.26      3771
Validation set stats
[[219   0   0]
 [204   0   0]
 [818   0   0]]
Classification Report
              precision    recall  f1-score   support
           0       0.18      1.00      0.30       219
           1       0.00      0.00      0.00       204
           2       0.00      0.00      0.00       818
    accuracy                           0.18      1241
   macro avg       0.06      0.33      0.10      1241
156it [00:01, 79.89it/s]

















Train:  99%|▉| 465/472 [00:36<00:00, 14.36it/s, acc=33.1183%, loss=1.0684, lr=0.0000, num_correct=1232]

Epoch 21/25: Train Acc 33.2273%, Train Loss 1.0681, Learning Rate 0.0000
101it [00:01, 106.17it/s]
Validation: 17.6471%
Taining set stats
[[603 632   0]
 [595 650   0]
 [629 662   0]]
Classification Report
              precision    recall  f1-score   support
           0       0.33      0.49      0.39      1235
           1       0.33      0.52      0.41      1245
           2       0.00      0.00      0.00      1291
    accuracy                           0.33      3771
   macro avg       0.22      0.34      0.27      3771
weighted avg       0.22      0.33      0.26      3771
Validation set stats
[[219   0   0]
 [204   0   0]
 [818   0   0]]
Classification Report
              precision    recall  f1-score   support
           0       0.18      1.00      0.30       219
           1       0.00      0.00      0.00       204
           2       0.00      0.00      0.00       818
    accuracy                           0.18      1241
   macro avg       0.06      0.33      0.10      1241

156it [00:02, 76.00it/s]
Traceback (most recent call last):
  File "/opt/conda/lib/python3.9/site-packages/torch/serialization.py", line 379, in save
    _save(obj, opened_zipfile, pickle_module, pickle_protocol)
  File "/opt/conda/lib/python3.9/site-packages/torch/serialization.py", line 604, in _save
    zip_file.write_record(name, storage.data_ptr(), num_bytes)
OSError: [Errno 28] No space left on device
During handling of the above exception, another exception occurred:
Traceback (most recent call last):
  File "/home/ubuntu/AI_Guide_Dog/main.py", line 111, in <module>
    trainer.save(acc, epoch)
  File "/home/ubuntu/AI_Guide_Dog/trainer/Trainer.py", line 201, in save
    save(self.config, self.model, epoch, acc, optim = False)
  File "/home/ubuntu/AI_Guide_Dog/utils.py", line 75, in save
    torch.save(model.state_dict(), save_path+'/{}_model_params_epoch_{:08d}_acc_{}.pth'.format(config['trainer']['model']['name'], index, acc))
  File "/opt/conda/lib/python3.9/site-packages/torch/serialization.py", line 380, in save
    return
  File "/opt/conda/lib/python3.9/site-packages/torch/serialization.py", line 259, in __exit__
    self.file_like.write_end_of_file()
RuntimeError: [enforce fail at inline_container.cc:319] . unexpected pos 245049024 vs 245048912